0 info it worked if it ends with ok
1 verbose cli [ 'C:\\Program Files (x86)\\Nodist\\v-x64\\10.13.0\\node.exe',
1 verbose cli   'C:\\Program Files (x86)\\Nodist\\npmv\\4.0.5\\bin\\npm-cli.js',
1 verbose cli   'run',
1 verbose cli   'dev' ]
2 info using npm@4.0.5
3 info using node@v10.13.0
4 verbose config Skipping project config: C:\Users\taisu/.npmrc. (matches userconfig)
5 verbose stack Error: ENOENT: no such file or directory, open 'C:\Users\taisu\package.json'
6 verbose cwd C:\Users\taisu\sample
7 error Windows_NT 10.0.17134
8 error argv "C:\\Program Files (x86)\\Nodist\\v-x64\\10.13.0\\node.exe" "C:\\Program Files (x86)\\Nodist\\npmv\\4.0.5\\bin\\npm-cli.js" "run" "dev"
9 error node v10.13.0
10 error npm  v4.0.5
11 error path C:\Users\taisu\package.json
12 error code ENOENT
13 error errno -4058
14 error syscall open
15 error enoent ENOENT: no such file or directory, open 'C:\Users\taisu\package.json'
16 error enoent ENOENT: no such file or directory, open 'C:\Users\taisu\package.json'
16 error enoent This is most likely not a problem with npm itself
16 error enoent and is related to npm not being able to find a file.
17 verbose exit [ -4058, true ]
